[2024-10-08 15:59:18,289: INFO: main: welcome to our custom login]
[2024-10-09 21:09:02,379: INFO: common: yaml file: config\config.yaml loaded successfully]
[2024-10-09 21:09:02,394: INFO: common: yaml file: params.yaml loaded successfully]
[2024-10-09 21:09:02,397: INFO: common: created directory at: artifacts]
[2024-10-09 21:09:02,400: INFO: common: created directory at: artifacts/data_ingestion]
[2024-10-09 21:09:02,402: INFO: 3172177572: Downloading data from https://drive.google.com/file/d/1KwzodZkcnWtkl_k4YZGoo48qICObmtXQ/view?usp=drive_link into file artifacts/data_ingestion/data.zip]
[2024-10-09 21:10:39,249: INFO: 3172177572: Downloaded data from https://drive.google.com/file/d/1KwzodZkcnWtkl_k4YZGoo48qICObmtXQ/view?usp=drive_link into file artifacts/data_ingestion/data.zip]
[2024-10-09 22:51:52,106: INFO: common: yaml file: config\config.yaml loaded successfully]
[2024-10-09 22:51:52,109: INFO: common: yaml file: params.yaml loaded successfully]
[2024-10-09 22:51:52,111: INFO: common: created directory at: artifacts]
[2024-10-09 22:51:52,113: INFO: common: created directory at: artifacts/data_ingestion]
[2024-10-09 22:51:52,116: INFO: 3172177572: Downloading data from https://drive.google.com/file/d/1mhLtVN0rUrZNqNSiQx97lS8w4yfBCsoK/view?usp=sharing into file artifacts/data_ingestion/data.zip]
[2024-10-09 22:53:18,806: INFO: 3172177572: Downloaded data from https://drive.google.com/file/d/1mhLtVN0rUrZNqNSiQx97lS8w4yfBCsoK/view?usp=sharing into file artifacts/data_ingestion/data.zip]
[2024-10-09 23:24:12,683: INFO: main: >>>>>> stage Data Ingestion stage started <<<<<<]
[2024-10-09 23:24:12,691: INFO: common: yaml file: config\config.yaml loaded successfully]
[2024-10-09 23:24:12,691: INFO: common: yaml file: params.yaml loaded successfully]
[2024-10-09 23:24:12,691: INFO: common: created directory at: artifacts]
[2024-10-09 23:24:12,691: INFO: common: created directory at: artifacts/data_ingestion]
[2024-10-09 23:24:12,691: INFO: data_ingestion: Downloading data from https://drive.google.com/file/d/1mhLtVN0rUrZNqNSiQx97lS8w4yfBCsoK/view?usp=sharing into file artifacts/data_ingestion/data.zip]
[2024-10-09 23:25:51,280: INFO: data_ingestion: Downloaded data from https://drive.google.com/file/d/1mhLtVN0rUrZNqNSiQx97lS8w4yfBCsoK/view?usp=sharing into file artifacts/data_ingestion/data.zip]
[2024-10-09 23:25:51,927: INFO: main: >>>>>> stage Data Ingestion stage completed <<<<<<

x==========x]
[2024-10-10 01:13:21,211: INFO: common: yaml file: config\config.yaml loaded successfully]
[2024-10-10 01:13:21,236: INFO: common: yaml file: params.yaml loaded successfully]
[2024-10-10 01:13:21,240: INFO: common: created directory at: artifacts]
[2024-10-10 01:13:21,245: INFO: common: created directory at: artifacts/prepare_base_model]
[2024-10-10 01:13:22,347: WARNING: saving_utils: Compiled the loaded model, but the compiled metrics have yet to be built. `model.compile_metrics` will be empty until you train or evaluate the model.]
[2024-10-10 01:29:50,132: INFO: main: >>>>>> stage Data Ingestion stage started <<<<<<]
[2024-10-10 01:29:50,135: INFO: common: yaml file: config\config.yaml loaded successfully]
[2024-10-10 01:29:50,138: INFO: common: yaml file: params.yaml loaded successfully]
[2024-10-10 01:29:50,139: INFO: common: created directory at: artifacts]
[2024-10-10 01:29:50,140: INFO: common: created directory at: artifacts/data_ingestion]
[2024-10-10 01:29:50,141: INFO: data_ingestion: Downloading data from https://drive.google.com/file/d/1mhLtVN0rUrZNqNSiQx97lS8w4yfBCsoK/view?usp=sharing into file artifacts/data_ingestion/data.zip]
[2024-10-10 01:32:03,458: INFO: data_ingestion: Downloaded data from https://drive.google.com/file/d/1mhLtVN0rUrZNqNSiQx97lS8w4yfBCsoK/view?usp=sharing into file artifacts/data_ingestion/data.zip]
[2024-10-10 01:32:04,499: INFO: main: >>>>>> stage Data Ingestion stage completed <<<<<<

x==========x]
[2024-10-10 01:32:04,499: INFO: main: *******************]
[2024-10-10 01:32:04,499: INFO: main: >>>>>> stage Prepare base model started <<<<<<]
[2024-10-10 01:32:04,499: INFO: common: yaml file: config\config.yaml loaded successfully]
[2024-10-10 01:32:04,499: INFO: common: yaml file: params.yaml loaded successfully]
[2024-10-10 01:32:04,499: INFO: common: created directory at: artifacts]
[2024-10-10 01:32:04,508: INFO: common: created directory at: artifacts/prepare_base_model]
[2024-10-10 01:32:05,109: WARNING: saving_utils: Compiled the loaded model, but the compiled metrics have yet to be built. `model.compile_metrics` will be empty until you train or evaluate the model.]
[2024-10-10 01:32:05,682: INFO: main: >>>>>> stage Prepare base model completed <<<<<<

x==========x]
[2024-10-10 01:52:46,832: INFO: common: yaml file: config\config.yaml loaded successfully]
[2024-10-10 01:52:46,839: INFO: common: yaml file: params.yaml loaded successfully]
[2024-10-10 01:52:46,842: INFO: common: created directory at: artifacts]
[2024-10-10 01:52:46,845: INFO: common: created directory at: artifacts\training]
[2024-10-10 02:10:36,367: INFO: main: >>>>>> stage Data Ingestion stage started <<<<<<]
[2024-10-10 02:10:36,370: INFO: common: yaml file: config\config.yaml loaded successfully]
[2024-10-10 02:10:36,373: INFO: common: yaml file: params.yaml loaded successfully]
[2024-10-10 02:10:36,374: INFO: common: created directory at: artifacts]
[2024-10-10 02:10:36,375: INFO: common: created directory at: artifacts/data_ingestion]
[2024-10-10 02:10:36,375: INFO: data_ingestion: Downloading data from https://drive.google.com/file/d/1mhLtVN0rUrZNqNSiQx97lS8w4yfBCsoK/view?usp=sharing into file artifacts/data_ingestion/data.zip]
[2024-10-10 02:12:45,258: INFO: data_ingestion: Downloaded data from https://drive.google.com/file/d/1mhLtVN0rUrZNqNSiQx97lS8w4yfBCsoK/view?usp=sharing into file artifacts/data_ingestion/data.zip]
[2024-10-10 02:12:46,316: INFO: main: >>>>>> stage Data Ingestion stage completed <<<<<<

x==========x]
[2024-10-10 02:12:46,316: INFO: main: *******************]
[2024-10-10 02:12:46,316: INFO: main: >>>>>> stage Prepare base model started <<<<<<]
[2024-10-10 02:12:46,316: INFO: common: yaml file: config\config.yaml loaded successfully]
[2024-10-10 02:12:46,316: INFO: common: yaml file: params.yaml loaded successfully]
[2024-10-10 02:12:46,324: INFO: common: created directory at: artifacts]
[2024-10-10 02:12:46,324: INFO: common: created directory at: artifacts/prepare_base_model]
[2024-10-10 02:12:47,033: WARNING: saving_utils: Compiled the loaded model, but the compiled metrics have yet to be built. `model.compile_metrics` will be empty until you train or evaluate the model.]
[2024-10-10 02:12:47,332: INFO: main: >>>>>> stage Prepare base model completed <<<<<<

x==========x]
[2024-10-10 02:12:47,333: INFO: main: *******************]
[2024-10-10 02:12:47,333: INFO: main: >>>>>> stage Training started <<<<<<]
[2024-10-10 02:12:47,335: INFO: common: yaml file: config\config.yaml loaded successfully]
[2024-10-10 02:12:47,337: INFO: common: yaml file: params.yaml loaded successfully]
[2024-10-10 02:12:47,338: INFO: common: created directory at: artifacts]
[2024-10-10 02:12:47,339: INFO: common: created directory at: artifacts\training]
[2024-10-10 02:14:11,472: INFO: main: >>>>>> stage Training completed <<<<<<

x==========x]
